{"contracts/MemeToken.sol":{"l":{"69":27,"71":27,"72":27,"75":27,"76":27,"79":27,"80":27,"83":27,"84":27,"85":27,"86":27,"93":9,"94":9,"107":1,"111":1,"116":1,"117":1,"118":1,"119":1,"120":1,"122":1,"133":0,"134":0,"135":0,"137":0,"148":0,"155":0,"162":0,"169":12,"176":24,"184":24,"187":24,"188":14,"191":13,"192":1,"199":13,"200":13,"201":3,"202":3,"205":13,"210":12,"222":22,"223":10,"227":12,"230":12,"231":10,"235":2,"236":2,"239":2,"240":2,"241":2,"244":2,"245":2,"248":2,"249":2,"252":2,"253":2,"256":2,"263":1,"264":1,"265":1,"268":1,"272":1,"279":0,"280":0,"289":0,"290":0,"299":24,"302":22,"305":22,"306":22},"path":"/Users/luna_xk/go/goStudyProject/init_project/Task7/topic1/contracts/MemeToken.sol","s":{"1":27,"2":9,"3":1,"4":1,"5":1,"6":0,"7":12,"8":24,"9":24,"10":24,"11":14,"12":13,"13":1,"14":13,"15":13,"16":13,"17":22,"18":10,"19":12,"20":12,"21":10,"22":2,"23":2,"24":2,"25":2,"26":2,"27":2,"28":2,"29":2,"30":2,"31":2,"32":2,"33":2,"34":1,"35":1,"36":1,"37":1,"38":1,"39":0,"40":0,"41":0,"42":0,"43":24,"44":22,"45":22,"46":22},"b":{"1":[9,0],"2":[9,0],"3":[1,1],"4":[1,0],"5":[1,0],"6":[0,0],"7":[0,0],"8":[0,0],"9":[0,0],"10":[24,0],"11":[24,0],"12":[14,10],"13":[13,1],"14":[1,12],"15":[1,0],"16":[3,10],"17":[12,1],"18":[10,12],"19":[10,0],"20":[1,10],"21":[1,11],"22":[10,2],"23":[2,0],"24":[2,0],"25":[2,0],"26":[1,0],"27":[1,0],"28":[1,0],"29":[1,0],"30":[0,0],"31":[0,0],"32":[0,0],"33":[0,0],"34":[0,0],"35":[0,0]},"f":{"1":27,"2":9,"3":1,"4":0,"5":0,"6":0,"7":0,"8":12,"9":24,"10":24,"11":22,"12":1,"13":0,"14":0,"15":24},"fnMap":{"1":{"name":"constructor","line":68,"loc":{"start":{"line":62,"column":4},"end":{"line":87,"column":4}}},"2":{"name":"activateTrading","line":92,"loc":{"start":{"line":92,"column":4},"end":{"line":95,"column":4}}},"3":{"name":"updateTaxRates","line":106,"loc":{"start":{"line":100,"column":4},"end":{"line":123,"column":4}}},"4":{"name":"updateTransactionLimits","line":132,"loc":{"start":{"line":128,"column":4},"end":{"line":142,"column":4}}},"5":{"name":"setLiquidityPool","line":147,"loc":{"start":{"line":147,"column":4},"end":{"line":149,"column":4}}},"6":{"name":"setDevWallet","line":154,"loc":{"start":{"line":154,"column":4},"end":{"line":156,"column":4}}},"7":{"name":"setExcludedFromTax","line":161,"loc":{"start":{"line":161,"column":4},"end":{"line":163,"column":4}}},"8":{"name":"isSellTransaction","line":168,"loc":{"start":{"line":168,"column":4},"end":{"line":170,"column":4}}},"9":{"name":"isBuyTransaction","line":175,"loc":{"start":{"line":175,"column":4},"end":{"line":177,"column":4}}},"10":{"name":"checkTransactionLimits","line":182,"loc":{"start":{"line":182,"column":4},"end":{"line":212,"column":4}}},"11":{"name":"calculateAndDistributeTaxes","line":217,"loc":{"start":{"line":217,"column":4},"end":{"line":257,"column":4}}},"12":{"name":"addLiquidity","line":262,"loc":{"start":{"line":262,"column":4},"end":{"line":273,"column":4}}},"13":{"name":"removeLiquidity","line":278,"loc":{"start":{"line":278,"column":4},"end":{"line":283,"column":4}}},"14":{"name":"distributeRewards","line":288,"loc":{"start":{"line":288,"column":4},"end":{"line":292,"column":4}}},"15":{"name":"transfer","line":297,"loc":{"start":{"line":297,"column":4},"end":{"line":307,"column":4}}}},"statementMap":{"1":{"start":{"line":69,"column":8},"end":{"line":69,"column":37}},"2":{"start":{"line":93,"column":8},"end":{"line":93,"column":56}},"3":{"start":{"line":107,"column":8},"end":{"line":107,"column":2942}},"4":{"start":{"line":111,"column":8},"end":{"line":111,"column":3085}},"5":{"start":{"line":122,"column":8},"end":{"line":122,"column":82}},"6":{"start":{"line":137,"column":8},"end":{"line":137,"column":3870}},"7":{"start":{"line":169,"column":8},"end":{"line":169,"column":34}},"8":{"start":{"line":176,"column":8},"end":{"line":176,"column":36}},"9":{"start":{"line":184,"column":8},"end":{"line":184,"column":80}},"10":{"start":{"line":187,"column":8},"end":{"line":187,"column":5113}},"11":{"start":{"line":188,"column":12},"end":{"line":188,"column":84}},"12":{"start":{"line":191,"column":12},"end":{"line":191,"column":5321}},"13":{"start":{"line":192,"column":16},"end":{"line":192,"column":5373}},"14":{"start":{"line":199,"column":12},"end":{"line":199,"column":57}},"15":{"start":{"line":200,"column":12},"end":{"line":200,"column":5640}},"16":{"start":{"line":205,"column":12},"end":{"line":205,"column":5830}},"17":{"start":{"line":222,"column":8},"end":{"line":222,"column":6236}},"18":{"start":{"line":223,"column":12},"end":{"line":223,"column":25}},"19":{"start":{"line":227,"column":8},"end":{"line":227,"column":6432}},"20":{"start":{"line":230,"column":8},"end":{"line":230,"column":6536}},"21":{"start":{"line":231,"column":12},"end":{"line":231,"column":25}},"22":{"start":{"line":235,"column":8},"end":{"line":235,"column":51}},"23":{"start":{"line":236,"column":8},"end":{"line":236,"column":49}},"24":{"start":{"line":239,"column":8},"end":{"line":239,"column":63}},"25":{"start":{"line":240,"column":8},"end":{"line":240,"column":57}},"26":{"start":{"line":241,"column":8},"end":{"line":241,"column":51}},"27":{"start":{"line":244,"column":8},"end":{"line":244,"column":6972}},"28":{"start":{"line":245,"column":12},"end":{"line":245,"column":62}},"29":{"start":{"line":248,"column":8},"end":{"line":248,"column":7091}},"30":{"start":{"line":249,"column":12},"end":{"line":249,"column":56}},"31":{"start":{"line":252,"column":8},"end":{"line":252,"column":7201}},"32":{"start":{"line":253,"column":12},"end":{"line":253,"column":50}},"33":{"start":{"line":256,"column":8},"end":{"line":256,"column":28}},"34":{"start":{"line":263,"column":8},"end":{"line":263,"column":69}},"35":{"start":{"line":264,"column":8},"end":{"line":264,"column":64}},"36":{"start":{"line":265,"column":8},"end":{"line":265,"column":66}},"37":{"start":{"line":268,"column":8},"end":{"line":268,"column":56}},"38":{"start":{"line":272,"column":8},"end":{"line":272,"column":64}},"39":{"start":{"line":279,"column":8},"end":{"line":279,"column":69}},"40":{"start":{"line":280,"column":8},"end":{"line":280,"column":68}},"41":{"start":{"line":289,"column":8},"end":{"line":289,"column":55}},"42":{"start":{"line":290,"column":8},"end":{"line":290,"column":61}},"43":{"start":{"line":299,"column":8},"end":{"line":299,"column":62}},"44":{"start":{"line":302,"column":8},"end":{"line":302,"column":92}},"45":{"start":{"line":305,"column":8},"end":{"line":305,"column":56}},"46":{"start":{"line":306,"column":8},"end":{"line":306,"column":19}}},"branchMap":{"1":{"line":92,"type":"if","locations":[{"start":{"line":92,"column":40},"end":{"line":92,"column":40}},{"start":{"line":92,"column":40},"end":{"line":92,"column":40}}]},"2":{"line":93,"type":"if","locations":[{"start":{"line":93,"column":8},"end":{"line":93,"column":8}},{"start":{"line":93,"column":8},"end":{"line":93,"column":8}}]},"3":{"line":106,"type":"if","locations":[{"start":{"line":106,"column":15},"end":{"line":106,"column":15}},{"start":{"line":106,"column":15},"end":{"line":106,"column":15}}]},"4":{"line":107,"type":"if","locations":[{"start":{"line":107,"column":8},"end":{"line":107,"column":8}},{"start":{"line":107,"column":8},"end":{"line":107,"column":8}}]},"5":{"line":111,"type":"if","locations":[{"start":{"line":111,"column":8},"end":{"line":111,"column":8}},{"start":{"line":111,"column":8},"end":{"line":111,"column":8}}]},"6":{"line":132,"type":"if","locations":[{"start":{"line":132,"column":15},"end":{"line":132,"column":15}},{"start":{"line":132,"column":15},"end":{"line":132,"column":15}}]},"7":{"line":147,"type":"if","locations":[{"start":{"line":147,"column":63},"end":{"line":147,"column":63}},{"start":{"line":147,"column":63},"end":{"line":147,"column":63}}]},"8":{"line":154,"type":"if","locations":[{"start":{"line":154,"column":55},"end":{"line":154,"column":55}},{"start":{"line":154,"column":55},"end":{"line":154,"column":55}}]},"9":{"line":161,"type":"if","locations":[{"start":{"line":161,"column":75},"end":{"line":161,"column":75}},{"start":{"line":161,"column":75},"end":{"line":161,"column":75}}]},"10":{"line":184,"type":"if","locations":[{"start":{"line":184,"column":8},"end":{"line":184,"column":8}},{"start":{"line":184,"column":8},"end":{"line":184,"column":8}}]},"11":{"line":184,"type":"cond-expr","locations":[{"start":{"line":184,"column":16},"end":{"line":184,"column":28}},{"start":{"line":184,"column":33},"end":{"line":184,"column":57}}]},"12":{"line":187,"type":"if","locations":[{"start":{"line":187,"column":8},"end":{"line":187,"column":8}},{"start":{"line":187,"column":8},"end":{"line":187,"column":8}}]},"13":{"line":188,"type":"if","locations":[{"start":{"line":188,"column":12},"end":{"line":188,"column":12}},{"start":{"line":188,"column":12},"end":{"line":188,"column":12}}]},"14":{"line":191,"type":"if","locations":[{"start":{"line":191,"column":12},"end":{"line":191,"column":12}},{"start":{"line":191,"column":12},"end":{"line":191,"column":12}}]},"15":{"line":192,"type":"if","locations":[{"start":{"line":192,"column":16},"end":{"line":192,"column":16}},{"start":{"line":192,"column":16},"end":{"line":192,"column":16}}]},"16":{"line":200,"type":"if","locations":[{"start":{"line":200,"column":12},"end":{"line":200,"column":12}},{"start":{"line":200,"column":12},"end":{"line":200,"column":12}}]},"17":{"line":205,"type":"if","locations":[{"start":{"line":205,"column":12},"end":{"line":205,"column":12}},{"start":{"line":205,"column":12},"end":{"line":205,"column":12}}]},"18":{"line":222,"type":"if","locations":[{"start":{"line":222,"column":8},"end":{"line":222,"column":8}},{"start":{"line":222,"column":8},"end":{"line":222,"column":8}}]},"19":{"line":222,"type":"cond-expr","locations":[{"start":{"line":222,"column":12},"end":{"line":222,"column":36}},{"start":{"line":222,"column":41},"end":{"line":222,"column":68}}]},"20":{"line":228,"type":"if","locations":[{"start":{"line":228,"column":52},"end":{"line":228,"column":57}},{"start":{"line":228,"column":61},"end":{"line":228,"column":61}}]},"21":{"line":227,"type":"if","locations":[{"start":{"line":227,"column":57},"end":{"line":227,"column":63}},{"start":{"line":228,"column":25},"end":{"line":228,"column":61}}]},"22":{"line":230,"type":"if","locations":[{"start":{"line":230,"column":8},"end":{"line":230,"column":8}},{"start":{"line":230,"column":8},"end":{"line":230,"column":8}}]},"23":{"line":244,"type":"if","locations":[{"start":{"line":244,"column":8},"end":{"line":244,"column":8}},{"start":{"line":244,"column":8},"end":{"line":244,"column":8}}]},"24":{"line":248,"type":"if","locations":[{"start":{"line":248,"column":8},"end":{"line":248,"column":8}},{"start":{"line":248,"column":8},"end":{"line":248,"column":8}}]},"25":{"line":252,"type":"if","locations":[{"start":{"line":252,"column":8},"end":{"line":252,"column":8}},{"start":{"line":252,"column":8},"end":{"line":252,"column":8}}]},"26":{"line":262,"type":"if","locations":[{"start":{"line":262,"column":64},"end":{"line":262,"column":64}},{"start":{"line":262,"column":64},"end":{"line":262,"column":64}}]},"27":{"line":263,"type":"if","locations":[{"start":{"line":263,"column":8},"end":{"line":263,"column":8}},{"start":{"line":263,"column":8},"end":{"line":263,"column":8}}]},"28":{"line":264,"type":"if","locations":[{"start":{"line":264,"column":8},"end":{"line":264,"column":8}},{"start":{"line":264,"column":8},"end":{"line":264,"column":8}}]},"29":{"line":265,"type":"if","locations":[{"start":{"line":265,"column":8},"end":{"line":265,"column":8}},{"start":{"line":265,"column":8},"end":{"line":265,"column":8}}]},"30":{"line":278,"type":"if","locations":[{"start":{"line":278,"column":63},"end":{"line":278,"column":63}},{"start":{"line":278,"column":63},"end":{"line":278,"column":63}}]},"31":{"line":278,"type":"if","locations":[{"start":{"line":278,"column":76},"end":{"line":278,"column":76}},{"start":{"line":278,"column":76},"end":{"line":278,"column":76}}]},"32":{"line":279,"type":"if","locations":[{"start":{"line":279,"column":8},"end":{"line":279,"column":8}},{"start":{"line":279,"column":8},"end":{"line":279,"column":8}}]},"33":{"line":280,"type":"if","locations":[{"start":{"line":280,"column":8},"end":{"line":280,"column":8}},{"start":{"line":280,"column":8},"end":{"line":280,"column":8}}]},"34":{"line":288,"type":"if","locations":[{"start":{"line":288,"column":42},"end":{"line":288,"column":42}},{"start":{"line":288,"column":42},"end":{"line":288,"column":42}}]},"35":{"line":290,"type":"if","locations":[{"start":{"line":290,"column":8},"end":{"line":290,"column":8}},{"start":{"line":290,"column":8},"end":{"line":290,"column":8}}]}}}}