TN:
SF:/Users/luna_xk/go/goStudyProject/init_project/Task7/topic1/contracts/MemeToken.sol
FN:68,constructor
FN:92,activateTrading
FN:106,updateTaxRates
FN:132,updateTransactionLimits
FN:147,setLiquidityPool
FN:154,setDevWallet
FN:161,setExcludedFromTax
FN:168,isSellTransaction
FN:175,isBuyTransaction
FN:182,checkTransactionLimits
FN:217,calculateAndDistributeTaxes
FN:262,addLiquidity
FN:278,removeLiquidity
FN:288,distributeRewards
FN:297,transfer
FNF:15
FNH:9
FNDA:27,constructor
FNDA:9,activateTrading
FNDA:1,updateTaxRates
FNDA:0,updateTransactionLimits
FNDA:0,setLiquidityPool
FNDA:0,setDevWallet
FNDA:0,setExcludedFromTax
FNDA:12,isSellTransaction
FNDA:24,isBuyTransaction
FNDA:24,checkTransactionLimits
FNDA:22,calculateAndDistributeTaxes
FNDA:1,addLiquidity
FNDA:0,removeLiquidity
FNDA:0,distributeRewards
FNDA:24,transfer
DA:69,27
DA:71,27
DA:72,27
DA:75,27
DA:76,27
DA:79,27
DA:80,27
DA:83,27
DA:84,27
DA:85,27
DA:86,27
DA:93,9
DA:94,9
DA:107,1
DA:111,1
DA:116,1
DA:117,1
DA:118,1
DA:119,1
DA:120,1
DA:122,1
DA:133,0
DA:134,0
DA:135,0
DA:137,0
DA:148,0
DA:155,0
DA:162,0
DA:169,12
DA:176,24
DA:184,24
DA:187,24
DA:188,14
DA:191,13
DA:192,1
DA:199,13
DA:200,13
DA:201,3
DA:202,3
DA:205,13
DA:210,12
DA:222,22
DA:223,10
DA:227,12
DA:230,12
DA:231,10
DA:235,2
DA:236,2
DA:239,2
DA:240,2
DA:241,2
DA:244,2
DA:245,2
DA:248,2
DA:249,2
DA:252,2
DA:253,2
DA:256,2
DA:263,1
DA:264,1
DA:265,1
DA:268,1
DA:272,1
DA:279,0
DA:280,0
DA:289,0
DA:290,0
DA:299,24
DA:302,22
DA:305,22
DA:306,22
LF:71
LH:60
BRDA:92,1,0,9
BRDA:92,1,1,0
BRDA:93,2,0,9
BRDA:93,2,1,0
BRDA:106,3,0,1
BRDA:106,3,1,1
BRDA:107,4,0,1
BRDA:107,4,1,0
BRDA:111,5,0,1
BRDA:111,5,1,0
BRDA:132,6,0,0
BRDA:132,6,1,0
BRDA:147,7,0,0
BRDA:147,7,1,0
BRDA:154,8,0,0
BRDA:154,8,1,0
BRDA:161,9,0,0
BRDA:161,9,1,0
BRDA:184,10,0,24
BRDA:184,10,1,0
BRDA:184,11,0,24
BRDA:184,11,1,0
BRDA:187,12,0,14
BRDA:187,12,1,10
BRDA:188,13,0,13
BRDA:188,13,1,1
BRDA:191,14,0,1
BRDA:191,14,1,12
BRDA:192,15,0,1
BRDA:192,15,1,0
BRDA:200,16,0,3
BRDA:200,16,1,10
BRDA:205,17,0,12
BRDA:205,17,1,1
BRDA:222,18,0,10
BRDA:222,18,1,12
BRDA:222,19,0,10
BRDA:222,19,1,0
BRDA:228,20,0,1
BRDA:228,20,1,10
BRDA:227,21,0,1
BRDA:227,21,1,11
BRDA:230,22,0,10
BRDA:230,22,1,2
BRDA:244,23,0,2
BRDA:244,23,1,0
BRDA:248,24,0,2
BRDA:248,24,1,0
BRDA:252,25,0,2
BRDA:252,25,1,0
BRDA:262,26,0,1
BRDA:262,26,1,0
BRDA:263,27,0,1
BRDA:263,27,1,0
BRDA:264,28,0,1
BRDA:264,28,1,0
BRDA:265,29,0,1
BRDA:265,29,1,0
BRDA:278,30,0,0
BRDA:278,30,1,0
BRDA:278,31,0,0
BRDA:278,31,1,0
BRDA:279,32,0,0
BRDA:279,32,1,0
BRDA:280,33,0,0
BRDA:280,33,1,0
BRDA:288,34,0,0
BRDA:288,34,1,0
BRDA:290,35,0,0
BRDA:290,35,1,0
BRF:70
BRH:35
end_of_record
